running egg_info
writing build/cal_rtheta/cal_rtheta.egg-info/PKG-INFO
writing dependency_links to build/cal_rtheta/cal_rtheta.egg-info/dependency_links.txt
writing entry points to build/cal_rtheta/cal_rtheta.egg-info/entry_points.txt
writing requirements to build/cal_rtheta/cal_rtheta.egg-info/requires.txt
writing top-level names to build/cal_rtheta/cal_rtheta.egg-info/top_level.txt
reading manifest file 'build/cal_rtheta/cal_rtheta.egg-info/SOURCES.txt'
writing manifest file 'build/cal_rtheta/cal_rtheta.egg-info/SOURCES.txt'
running build
running build_py
running install
running install_lib
running install_data
copying urdf/catch.urdf -> /home/moyuboo/ros2_ws/src/catch2023/cal_rtheta/install/cal_rtheta/share/cal_rtheta/urdf
running install_egg_info
removing '/home/moyuboo/ros2_ws/src/catch2023/cal_rtheta/install/cal_rtheta/lib/python3.10/site-packages/cal_rtheta-0.0.0-py3.10.egg-info' (and everything under it)
Copying build/cal_rtheta/cal_rtheta.egg-info to /home/moyuboo/ros2_ws/src/catch2023/cal_rtheta/install/cal_rtheta/lib/python3.10/site-packages/cal_rtheta-0.0.0-py3.10.egg-info
running install_scripts
Installing cal script to /home/moyuboo/ros2_ws/src/catch2023/cal_rtheta/install/cal_rtheta/lib/cal_rtheta
Installing joint_publisher script to /home/moyuboo/ros2_ws/src/catch2023/cal_rtheta/install/cal_rtheta/lib/cal_rtheta
Installing joysub_cal script to /home/moyuboo/ros2_ws/src/catch2023/cal_rtheta/install/cal_rtheta/lib/cal_rtheta
writing list of installed files to '/home/moyuboo/ros2_ws/src/catch2023/cal_rtheta/build/cal_rtheta/install.log'
