[0.222s] DEBUG:colcon:Command line arguments: ['/usr/bin/colcon', 'build']
[0.222s] DEBUG:colcon:Parsed command line arguments: Namespace(log_base=None, log_level=None, verb_name='build', build_base='build', install_base='install', merge_install=False, symlink_install=False, test_result_base=None, continue_on_error=False, executor='parallel', parallel_workers=16, event_handlers=None, ignore_user_meta=False, metas=['./colcon.meta'], base_paths=['.'], packages_ignore=None, packages_ignore_regex=None, paths=None, packages_up_to=None, packages_up_to_regex=None, packages_above=None, packages_above_and_dependencies=None, packages_above_depth=None, packages_select_by_dep=None, packages_skip_by_dep=None, packages_skip_up_to=None, packages_select_build_failed=False, packages_skip_build_finished=False, packages_select_test_failures=False, packages_skip_test_passed=False, packages_select=None, packages_skip=None, packages_select_regex=None, packages_skip_regex=None, packages_start=None, packages_end=None, allow_overriding=[], cmake_args=None, cmake_target=None, cmake_target_skip_unavailable=False, cmake_clean_cache=False, cmake_clean_first=False, cmake_force_configure=False, ament_cmake_args=None, catkin_cmake_args=None, catkin_skip_building_tests=False, verb_parser=<colcon_defaults.argument_parser.defaults.DefaultArgumentsDecorator object at 0x7f816bdec730>, verb_extension=<colcon_core.verb.build.BuildVerb object at 0x7f816bdec160>, main=<bound method BuildVerb.main of <colcon_core.verb.build.BuildVerb object at 0x7f816bdec160>>)
[0.237s] Level 1:colcon.colcon_core.package_discovery:discover_packages(colcon_meta) check parameters
[0.237s] Level 1:colcon.colcon_core.package_discovery:discover_packages(recursive) check parameters
[0.237s] Level 1:colcon.colcon_core.package_discovery:discover_packages(ignore) check parameters
[0.237s] Level 1:colcon.colcon_core.package_discovery:discover_packages(path) check parameters
[0.237s] Level 1:colcon.colcon_core.package_discovery:discover_packages(colcon_meta) discover
[0.237s] Level 1:colcon.colcon_core.package_discovery:discover_packages(recursive) discover
[0.238s] INFO:colcon.colcon_core.package_discovery:Crawling recursively for packages in '/home/moyuboo/ros2_ws/src/catch2023/cal_rtheta'
[0.238s] Level 1:colcon.colcon_core.package_identification:_identify(.) by extensions ['ignore', 'ignore_ament_install']
[0.238s] Level 1:colcon.colcon_core.package_identification:_identify(.) by extension 'ignore'
[0.238s] Level 1:colcon.colcon_core.package_identification:_identify(.) by extension 'ignore_ament_install'
[0.238s] Level 1:colcon.colcon_core.package_identification:_identify(.) by extensions ['colcon_pkg']
[0.238s] Level 1:colcon.colcon_core.package_identification:_identify(.) by extension 'colcon_pkg'
[0.238s] Level 1:colcon.colcon_core.package_identification:_identify(.) by extensions ['colcon_meta']
[0.238s] Level 1:colcon.colcon_core.package_identification:_identify(.) by extension 'colcon_meta'
[0.238s] Level 1:colcon.colcon_core.package_identification:_identify(.) by extensions ['ros']
[0.238s] Level 1:colcon.colcon_core.package_identification:_identify(.) by extension 'ros'
[0.247s] DEBUG:colcon.colcon_core.package_identification:Package '.' with type 'ros.ament_python' and name 'cal_rtheta'
[0.247s] Level 1:colcon.colcon_core.package_discovery:discover_packages(recursive) using defaults
[0.247s] Level 1:colcon.colcon_core.package_discovery:discover_packages(ignore) discover
[0.247s] Level 1:colcon.colcon_core.package_discovery:discover_packages(ignore) using defaults
[0.247s] Level 1:colcon.colcon_core.package_discovery:discover_packages(path) discover
[0.247s] Level 1:colcon.colcon_core.package_discovery:discover_packages(path) using defaults
[0.262s] Level 1:colcon.colcon_core.package_discovery:discover_packages(prefix_path) check parameters
[0.262s] Level 1:colcon.colcon_core.package_discovery:discover_packages(prefix_path) discover
[0.264s] DEBUG:colcon.colcon_installed_package_information.package_discovery:Found 3 installed packages in /home/moyuboo/ros2_ws/install
[0.265s] DEBUG:colcon.colcon_installed_package_information.package_discovery:Found 324 installed packages in /opt/ros/humble
[0.266s] Level 1:colcon.colcon_core.package_discovery:discover_packages(prefix_path) using defaults
[0.310s] Level 5:colcon.colcon_core.verb:set package 'cal_rtheta' build argument 'cmake_args' from command line to 'None'
[0.310s] Level 5:colcon.colcon_core.verb:set package 'cal_rtheta' build argument 'cmake_target' from command line to 'None'
[0.310s] Level 5:colcon.colcon_core.verb:set package 'cal_rtheta' build argument 'cmake_target_skip_unavailable' from command line to 'False'
[0.310s] Level 5:colcon.colcon_core.verb:set package 'cal_rtheta' build argument 'cmake_clean_cache' from command line to 'False'
[0.310s] Level 5:colcon.colcon_core.verb:set package 'cal_rtheta' build argument 'cmake_clean_first' from command line to 'False'
[0.310s] Level 5:colcon.colcon_core.verb:set package 'cal_rtheta' build argument 'cmake_force_configure' from command line to 'False'
[0.310s] Level 5:colcon.colcon_core.verb:set package 'cal_rtheta' build argument 'ament_cmake_args' from command line to 'None'
[0.310s] Level 5:colcon.colcon_core.verb:set package 'cal_rtheta' build argument 'catkin_cmake_args' from command line to 'None'
[0.310s] Level 5:colcon.colcon_core.verb:set package 'cal_rtheta' build argument 'catkin_skip_building_tests' from command line to 'False'
[0.310s] DEBUG:colcon.colcon_core.verb:Building package 'cal_rtheta' with the following arguments: {'ament_cmake_args': None, 'build_base': '/home/moyuboo/ros2_ws/src/catch2023/cal_rtheta/build/cal_rtheta', 'catkin_cmake_args': None, 'catkin_skip_building_tests': False, 'cmake_args': None, 'cmake_clean_cache': False, 'cmake_clean_first': False, 'cmake_force_configure': False, 'cmake_target': None, 'cmake_target_skip_unavailable': False, 'install_base': '/home/moyuboo/ros2_ws/src/catch2023/cal_rtheta/install/cal_rtheta', 'merge_install': False, 'path': '/home/moyuboo/ros2_ws/src/catch2023/cal_rtheta', 'symlink_install': False, 'test_result_base': None}
[0.310s] INFO:colcon.colcon_core.executor:Executing jobs using 'parallel' executor
[0.313s] DEBUG:colcon.colcon_parallel_executor.executor.parallel:run_until_complete
[0.313s] INFO:colcon.colcon_ros.task.ament_python.build:Building ROS package in '/home/moyuboo/ros2_ws/src/catch2023/cal_rtheta' with build type 'ament_python'
[0.313s] Level 1:colcon.colcon_core.shell:create_environment_hook('cal_rtheta', 'ament_prefix_path')
[0.316s] INFO:colcon.colcon_core.plugin_system:Skipping extension 'colcon_core.shell.bat': Not used on non-Windows systems
[0.316s] INFO:colcon.colcon_core.shell:Creating environment hook '/home/moyuboo/ros2_ws/src/catch2023/cal_rtheta/install/cal_rtheta/share/cal_rtheta/hook/ament_prefix_path.ps1'
[0.317s] INFO:colcon.colcon_core.shell:Creating environment descriptor '/home/moyuboo/ros2_ws/src/catch2023/cal_rtheta/install/cal_rtheta/share/cal_rtheta/hook/ament_prefix_path.dsv'
[0.317s] INFO:colcon.colcon_core.shell:Creating environment hook '/home/moyuboo/ros2_ws/src/catch2023/cal_rtheta/install/cal_rtheta/share/cal_rtheta/hook/ament_prefix_path.sh'
[0.318s] INFO:colcon.colcon_core.shell:Skip shell extension 'powershell' for command environment: Not usable outside of PowerShell
[0.318s] DEBUG:colcon.colcon_core.shell:Skip shell extension 'dsv' for command environment
[0.503s] INFO:colcon.colcon_core.task.python.build:Building Python package in '/home/moyuboo/ros2_ws/src/catch2023/cal_rtheta'
[0.504s] INFO:colcon.colcon_core.shell:Skip shell extension 'powershell' for command environment: Not usable outside of PowerShell
[0.504s] DEBUG:colcon.colcon_core.shell:Skip shell extension 'dsv' for command environment
[0.761s] DEBUG:colcon.colcon_core.event_handler.log_command:Invoking command in '/home/moyuboo/ros2_ws/src/catch2023/cal_rtheta': PYTHONPATH=/home/moyuboo/ros2_ws/src/catch2023/cal_rtheta/build/cal_rtheta/prefix_override:/home/moyuboo/ros2_ws/src/catch2023/cal_rtheta/install/cal_rtheta/lib/python3.10/site-packages:${PYTHONPATH} /usr/bin/python3 setup.py egg_info --egg-base build/cal_rtheta build --build-base /home/moyuboo/ros2_ws/src/catch2023/cal_rtheta/build/cal_rtheta/build install --record /home/moyuboo/ros2_ws/src/catch2023/cal_rtheta/build/cal_rtheta/install.log --single-version-externally-managed
[0.972s] DEBUG:colcon.colcon_core.event_handler.log_command:Invoked command in '/home/moyuboo/ros2_ws/src/catch2023/cal_rtheta' returned '0': PYTHONPATH=/home/moyuboo/ros2_ws/src/catch2023/cal_rtheta/build/cal_rtheta/prefix_override:/home/moyuboo/ros2_ws/src/catch2023/cal_rtheta/install/cal_rtheta/lib/python3.10/site-packages:${PYTHONPATH} /usr/bin/python3 setup.py egg_info --egg-base build/cal_rtheta build --build-base /home/moyuboo/ros2_ws/src/catch2023/cal_rtheta/build/cal_rtheta/build install --record /home/moyuboo/ros2_ws/src/catch2023/cal_rtheta/build/cal_rtheta/install.log --single-version-externally-managed
[0.975s] Level 1:colcon.colcon_core.environment:checking '/home/moyuboo/ros2_ws/src/catch2023/cal_rtheta/install/cal_rtheta' for CMake module files
[0.975s] Level 1:colcon.colcon_core.environment:checking '/home/moyuboo/ros2_ws/src/catch2023/cal_rtheta/install/cal_rtheta' for CMake config files
[0.975s] Level 1:colcon.colcon_core.environment:checking '/home/moyuboo/ros2_ws/src/catch2023/cal_rtheta/install/cal_rtheta/lib'
[0.976s] Level 1:colcon.colcon_core.environment:checking '/home/moyuboo/ros2_ws/src/catch2023/cal_rtheta/install/cal_rtheta/bin'
[0.976s] Level 1:colcon.colcon_core.environment:checking '/home/moyuboo/ros2_ws/src/catch2023/cal_rtheta/install/cal_rtheta/lib/pkgconfig/cal_rtheta.pc'
[0.976s] Level 1:colcon.colcon_core.environment:checking '/home/moyuboo/ros2_ws/src/catch2023/cal_rtheta/install/cal_rtheta/lib/python3.10/site-packages'
[0.976s] Level 1:colcon.colcon_core.shell:create_environment_hook('cal_rtheta', 'pythonpath')
[0.977s] INFO:colcon.colcon_core.shell:Creating environment hook '/home/moyuboo/ros2_ws/src/catch2023/cal_rtheta/install/cal_rtheta/share/cal_rtheta/hook/pythonpath.ps1'
[0.977s] INFO:colcon.colcon_core.shell:Creating environment descriptor '/home/moyuboo/ros2_ws/src/catch2023/cal_rtheta/install/cal_rtheta/share/cal_rtheta/hook/pythonpath.dsv'
[0.977s] INFO:colcon.colcon_core.shell:Creating environment hook '/home/moyuboo/ros2_ws/src/catch2023/cal_rtheta/install/cal_rtheta/share/cal_rtheta/hook/pythonpath.sh'
[0.978s] Level 1:colcon.colcon_core.environment:checking '/home/moyuboo/ros2_ws/src/catch2023/cal_rtheta/install/cal_rtheta/bin'
[0.978s] Level 1:colcon.colcon_core.environment:create_environment_scripts_only(cal_rtheta)
[0.979s] INFO:colcon.colcon_core.shell:Creating package script '/home/moyuboo/ros2_ws/src/catch2023/cal_rtheta/install/cal_rtheta/share/cal_rtheta/package.ps1'
[0.979s] INFO:colcon.colcon_core.shell:Creating package descriptor '/home/moyuboo/ros2_ws/src/catch2023/cal_rtheta/install/cal_rtheta/share/cal_rtheta/package.dsv'
[0.979s] INFO:colcon.colcon_core.shell:Creating package script '/home/moyuboo/ros2_ws/src/catch2023/cal_rtheta/install/cal_rtheta/share/cal_rtheta/package.sh'
[0.980s] INFO:colcon.colcon_core.shell:Creating package script '/home/moyuboo/ros2_ws/src/catch2023/cal_rtheta/install/cal_rtheta/share/cal_rtheta/package.bash'
[0.980s] INFO:colcon.colcon_core.shell:Creating package script '/home/moyuboo/ros2_ws/src/catch2023/cal_rtheta/install/cal_rtheta/share/cal_rtheta/package.zsh'
[0.981s] Level 1:colcon.colcon_core.environment:create_file_with_runtime_dependencies(/home/moyuboo/ros2_ws/src/catch2023/cal_rtheta/install/cal_rtheta/share/colcon-core/packages/cal_rtheta)
[0.981s] DEBUG:colcon.colcon_parallel_executor.executor.parallel:closing loop
[0.981s] DEBUG:colcon.colcon_parallel_executor.executor.parallel:loop closed
[0.981s] DEBUG:colcon.colcon_parallel_executor.executor.parallel:run_until_complete finished with '0'
[0.981s] DEBUG:colcon.colcon_core.event_reactor:joining thread
[0.985s] INFO:colcon.colcon_core.plugin_system:Skipping extension 'colcon_notification.desktop_notification.terminal_notifier': Not used on non-Darwin systems
[0.985s] INFO:colcon.colcon_core.plugin_system:Skipping extension 'colcon_notification.desktop_notification.win32': Not used on non-Windows systems
[0.985s] INFO:colcon.colcon_notification.desktop_notification:Sending desktop notification using 'notify2'
[1.000s] DEBUG:colcon.colcon_core.event_reactor:joined thread
[1.003s] INFO:colcon.colcon_core.shell:Creating prefix script '/home/moyuboo/ros2_ws/src/catch2023/cal_rtheta/install/local_setup.ps1'
[1.004s] INFO:colcon.colcon_core.shell:Creating prefix util module '/home/moyuboo/ros2_ws/src/catch2023/cal_rtheta/install/_local_setup_util_ps1.py'
[1.006s] INFO:colcon.colcon_core.shell:Creating prefix chain script '/home/moyuboo/ros2_ws/src/catch2023/cal_rtheta/install/setup.ps1'
[1.008s] INFO:colcon.colcon_core.shell:Creating prefix script '/home/moyuboo/ros2_ws/src/catch2023/cal_rtheta/install/local_setup.sh'
[1.009s] INFO:colcon.colcon_core.shell:Creating prefix util module '/home/moyuboo/ros2_ws/src/catch2023/cal_rtheta/install/_local_setup_util_sh.py'
[1.010s] INFO:colcon.colcon_core.shell:Creating prefix chain script '/home/moyuboo/ros2_ws/src/catch2023/cal_rtheta/install/setup.sh'
[1.012s] INFO:colcon.colcon_core.shell:Creating prefix script '/home/moyuboo/ros2_ws/src/catch2023/cal_rtheta/install/local_setup.bash'
[1.013s] INFO:colcon.colcon_core.shell:Creating prefix chain script '/home/moyuboo/ros2_ws/src/catch2023/cal_rtheta/install/setup.bash'
[1.016s] INFO:colcon.colcon_core.shell:Creating prefix script '/home/moyuboo/ros2_ws/src/catch2023/cal_rtheta/install/local_setup.zsh'
[1.017s] INFO:colcon.colcon_core.shell:Creating prefix chain script '/home/moyuboo/ros2_ws/src/catch2023/cal_rtheta/install/setup.zsh'
