/home/moyuboo/ros2_ws/src/catch2023/cal_rtheta/install/cal_rtheta/lib/python3.10/site-packages/cal_rtheta/cal.py
/home/moyuboo/ros2_ws/src/catch2023/cal_rtheta/install/cal_rtheta/lib/python3.10/site-packages/cal_rtheta/joysub_cal.py
/home/moyuboo/ros2_ws/src/catch2023/cal_rtheta/install/cal_rtheta/lib/python3.10/site-packages/cal_rtheta/ex.py
/home/moyuboo/ros2_ws/src/catch2023/cal_rtheta/install/cal_rtheta/lib/python3.10/site-packages/cal_rtheta/joint_publisher.py
/home/moyuboo/ros2_ws/src/catch2023/cal_rtheta/install/cal_rtheta/lib/python3.10/site-packages/cal_rtheta/__init__.py
/home/moyuboo/ros2_ws/src/catch2023/cal_rtheta/install/cal_rtheta/lib/python3.10/site-packages/cal_rtheta/__pycache__/cal.cpython-310.pyc
/home/moyuboo/ros2_ws/src/catch2023/cal_rtheta/install/cal_rtheta/lib/python3.10/site-packages/cal_rtheta/__pycache__/joysub_cal.cpython-310.pyc
/home/moyuboo/ros2_ws/src/catch2023/cal_rtheta/install/cal_rtheta/lib/python3.10/site-packages/cal_rtheta/__pycache__/ex.cpython-310.pyc
/home/moyuboo/ros2_ws/src/catch2023/cal_rtheta/install/cal_rtheta/lib/python3.10/site-packages/cal_rtheta/__pycache__/joint_publisher.cpython-310.pyc
/home/moyuboo/ros2_ws/src/catch2023/cal_rtheta/install/cal_rtheta/lib/python3.10/site-packages/cal_rtheta/__pycache__/__init__.cpython-310.pyc
/home/moyuboo/ros2_ws/src/catch2023/cal_rtheta/install/cal_rtheta/share/ament_index/resource_index/packages/cal_rtheta
/home/moyuboo/ros2_ws/src/catch2023/cal_rtheta/install/cal_rtheta/share/cal_rtheta/package.xml
/home/moyuboo/ros2_ws/src/catch2023/cal_rtheta/install/cal_rtheta/share/cal_rtheta/launch/cal.launch.py
/home/moyuboo/ros2_ws/src/catch2023/cal_rtheta/install/cal_rtheta/share/cal_rtheta/urdf/practice_cal.urdf
/home/moyuboo/ros2_ws/src/catch2023/cal_rtheta/install/cal_rtheta/share/cal_rtheta/urdf/catch.urdf
/home/moyuboo/ros2_ws/src/catch2023/cal_rtheta/install/cal_rtheta/lib/python3.10/site-packages/cal_rtheta-0.0.0-py3.10.egg-info/requires.txt
/home/moyuboo/ros2_ws/src/catch2023/cal_rtheta/install/cal_rtheta/lib/python3.10/site-packages/cal_rtheta-0.0.0-py3.10.egg-info/dependency_links.txt
/home/moyuboo/ros2_ws/src/catch2023/cal_rtheta/install/cal_rtheta/lib/python3.10/site-packages/cal_rtheta-0.0.0-py3.10.egg-info/entry_points.txt
/home/moyuboo/ros2_ws/src/catch2023/cal_rtheta/install/cal_rtheta/lib/python3.10/site-packages/cal_rtheta-0.0.0-py3.10.egg-info/PKG-INFO
/home/moyuboo/ros2_ws/src/catch2023/cal_rtheta/install/cal_rtheta/lib/python3.10/site-packages/cal_rtheta-0.0.0-py3.10.egg-info/SOURCES.txt
/home/moyuboo/ros2_ws/src/catch2023/cal_rtheta/install/cal_rtheta/lib/python3.10/site-packages/cal_rtheta-0.0.0-py3.10.egg-info/zip-safe
/home/moyuboo/ros2_ws/src/catch2023/cal_rtheta/install/cal_rtheta/lib/python3.10/site-packages/cal_rtheta-0.0.0-py3.10.egg-info/top_level.txt
/home/moyuboo/ros2_ws/src/catch2023/cal_rtheta/install/cal_rtheta/lib/cal_rtheta/cal
/home/moyuboo/ros2_ws/src/catch2023/cal_rtheta/install/cal_rtheta/lib/cal_rtheta/joint_publisher
/home/moyuboo/ros2_ws/src/catch2023/cal_rtheta/install/cal_rtheta/lib/cal_rtheta/joysub_cal
